e:\project\cplus\createxcel\outputexcel3\outputexcel\x64\debug\qrc_outputexcel.obj
e:\project\cplus\createxcel\outputexcel3\outputexcel\x64\debug\moc_outputexcel.obj
e:\project\cplus\createxcel\outputexcel3\outputexcel\x64\debug\vc141.pdb
e:\project\cplus\createxcel\outputexcel3\outputexcel\x64\debug\main.obj
e:\project\cplus\createxcel\outputexcel3\outputexcel\x64\debug\outputexcel.obj
e:\project\cplus\createxcel\outputexcel3\x64\debug\outputexcel.exe
e:\project\cplus\createxcel\outputexcel3\x64\debug\outputexcel.ilk
e:\project\cplus\createxcel\outputexcel3\x64\debug\outputexcel.pdb
e:\project\cplus\createxcel\outputexcel3\outputexcel\x64\debug\\moc\moc_outputexcel.cpp
e:\project\cplus\createxcel\outputexcel3\outputexcel\x64\debug\uic\ui_outputexcel.h
e:\project\cplus\createxcel\outputexcel3\outputexcel\x64\debug\rcc\qrc_outputexcel.cpp
e:\project\cplus\createxcel\outputexcel3\outputexcel\x64\debug\moc\moc_outputexcel.cpp
e:\project\cplus\createxcel\outputexcel3\outputexcel\x64\debug\\rcc\qrc_outputexcel.cpp
e:\project\cplus\createxcel\outputexcel3\outputexcel\x64\debug\\uic\ui_outputexcel.h
e:\project\cplus\createxcel\outputexcel3\outputexcel\x64\debug\outputexcel.tlog\cl.command.1.tlog
e:\project\cplus\createxcel\outputexcel3\outputexcel\x64\debug\outputexcel.tlog\cl.read.1.tlog
e:\project\cplus\createxcel\outputexcel3\outputexcel\x64\debug\outputexcel.tlog\cl.write.1.tlog
e:\project\cplus\createxcel\outputexcel3\outputexcel\x64\debug\outputexcel.tlog\link.command.1.tlog
e:\project\cplus\createxcel\outputexcel3\outputexcel\x64\debug\outputexcel.tlog\link.read.1.tlog
e:\project\cplus\createxcel\outputexcel3\outputexcel\x64\debug\outputexcel.tlog\link.write.1.tlog
e:\project\cplus\createxcel\outputexcel3\outputexcel\x64\debug\outputexcel.tlog\moc.read.1u.tlog
e:\project\cplus\createxcel\outputexcel3\outputexcel\x64\debug\outputexcel.tlog\moc.write.1u.tlog
e:\project\cplus\createxcel\outputexcel3\outputexcel\x64\debug\outputexcel.tlog\outputexcel.write.1u.tlog
e:\project\cplus\createxcel\outputexcel3\outputexcel\x64\debug\outputexcel.tlog\rcc.read.1u.tlog
e:\project\cplus\createxcel\outputexcel3\outputexcel\x64\debug\outputexcel.tlog\rcc.write.1u.tlog
e:\project\cplus\createxcel\outputexcel3\outputexcel\x64\debug\outputexcel.tlog\uic.read.1u.tlog
e:\project\cplus\createxcel\outputexcel3\outputexcel\x64\debug\outputexcel.tlog\uic.write.1u.tlog
