e:\project\cplus\createxcel\outputexcel4\outputexcel\x64\release\moc_outputexcel.obj
e:\project\cplus\createxcel\outputexcel4\outputexcel\x64\release\qrc_outputexcel.obj
e:\project\cplus\createxcel\outputexcel4\outputexcel\x64\release\main.obj
e:\project\cplus\createxcel\outputexcel4\outputexcel\x64\release\outputexcel.obj
e:\project\cplus\createxcel\outputexcel4\outputexcel\x64\release\\moc\moc_outputexcel.cpp
e:\project\cplus\createxcel\outputexcel4\outputexcel\x64\release\uic\ui_outputexcel.h
e:\project\cplus\createxcel\outputexcel4\outputexcel\x64\release\rcc\qrc_outputexcel.cpp
e:\project\cplus\createxcel\outputexcel4\outputexcel\x64\release\moc\moc_outputexcel.cpp
e:\project\cplus\createxcel\outputexcel4\outputexcel\x64\release\\rcc\qrc_outputexcel.cpp
e:\project\cplus\createxcel\outputexcel4\outputexcel\x64\release\\uic\ui_outputexcel.h
e:\project\cplus\createxcel\outputexcel4\outputexcel\x64\release\outputexcel.tlog\cl.11728.write.1.tlog
e:\project\cplus\createxcel\outputexcel4\outputexcel\x64\release\outputexcel.tlog\cl.command.1.tlog
e:\project\cplus\createxcel\outputexcel4\outputexcel\x64\release\outputexcel.tlog\cl.read.1.tlog
e:\project\cplus\createxcel\outputexcel4\outputexcel\x64\release\outputexcel.tlog\link-cvtres.read.1.tlog
e:\project\cplus\createxcel\outputexcel4\outputexcel\x64\release\outputexcel.tlog\link-cvtres.write.1.tlog
e:\project\cplus\createxcel\outputexcel4\outputexcel\x64\release\outputexcel.tlog\link-rc.read.1.tlog
e:\project\cplus\createxcel\outputexcel4\outputexcel\x64\release\outputexcel.tlog\link-rc.write.1.tlog
e:\project\cplus\createxcel\outputexcel4\outputexcel\x64\release\outputexcel.tlog\link.command.1.tlog
e:\project\cplus\createxcel\outputexcel4\outputexcel\x64\release\outputexcel.tlog\link.read.1.tlog
e:\project\cplus\createxcel\outputexcel4\outputexcel\x64\release\outputexcel.tlog\link.write.1.tlog
e:\project\cplus\createxcel\outputexcel4\outputexcel\x64\release\outputexcel.tlog\moc.read.1u.tlog
e:\project\cplus\createxcel\outputexcel4\outputexcel\x64\release\outputexcel.tlog\moc.write.1u.tlog
e:\project\cplus\createxcel\outputexcel4\outputexcel\x64\release\outputexcel.tlog\outputexcel.write.1u.tlog
e:\project\cplus\createxcel\outputexcel4\outputexcel\x64\release\outputexcel.tlog\rcc.read.1u.tlog
e:\project\cplus\createxcel\outputexcel4\outputexcel\x64\release\outputexcel.tlog\rcc.write.1u.tlog
e:\project\cplus\createxcel\outputexcel4\outputexcel\x64\release\outputexcel.tlog\uic.read.1u.tlog
e:\project\cplus\createxcel\outputexcel4\outputexcel\x64\release\outputexcel.tlog\uic.write.1u.tlog
